mode: set
github.com/llulioscesar/mercadolibre-x-men/internal/mutant/dna.go:13.46,17.43 3 1
github.com/llulioscesar/mercadolibre-x-men/internal/mutant/dna.go:25.2,25.12 1 1
github.com/llulioscesar/mercadolibre-x-men/internal/mutant/dna.go:17.43,18.31 1 1
github.com/llulioscesar/mercadolibre-x-men/internal/mutant/dna.go:21.3,21.42 1 1
github.com/llulioscesar/mercadolibre-x-men/internal/mutant/dna.go:18.31,20.4 1 1
github.com/llulioscesar/mercadolibre-x-men/internal/mutant/dna.go:21.42,23.4 1 0
github.com/llulioscesar/mercadolibre-x-men/internal/mutant/dna.go:28.83,30.40 2 1
github.com/llulioscesar/mercadolibre-x-men/internal/mutant/dna.go:37.2,37.43 1 1
github.com/llulioscesar/mercadolibre-x-men/internal/mutant/dna.go:44.2,44.31 1 1
github.com/llulioscesar/mercadolibre-x-men/internal/mutant/dna.go:47.2,47.15 1 1
github.com/llulioscesar/mercadolibre-x-men/internal/mutant/dna.go:30.40,32.45 2 1
github.com/llulioscesar/mercadolibre-x-men/internal/mutant/dna.go:35.3,35.26 1 1
github.com/llulioscesar/mercadolibre-x-men/internal/mutant/dna.go:32.45,34.4 1 1
github.com/llulioscesar/mercadolibre-x-men/internal/mutant/dna.go:37.43,39.79 2 1
github.com/llulioscesar/mercadolibre-x-men/internal/mutant/dna.go:42.3,42.26 1 1
github.com/llulioscesar/mercadolibre-x-men/internal/mutant/dna.go:39.79,41.4 1 1
github.com/llulioscesar/mercadolibre-x-men/internal/mutant/dna.go:44.31,46.3 1 1
github.com/llulioscesar/mercadolibre-x-men/internal/mutant/dna.go:50.54,52.2 1 1
github.com/llulioscesar/mercadolibre-x-men/internal/mutant/dna.go:54.53,57.2 2 1
github.com/llulioscesar/mercadolibre-x-men/internal/mutant/dna.go:59.79,60.32 1 1
github.com/llulioscesar/mercadolibre-x-men/internal/mutant/dna.go:63.2,63.8 1 1
github.com/llulioscesar/mercadolibre-x-men/internal/mutant/dna.go:60.32,62.3 1 1
github.com/llulioscesar/mercadolibre-x-men/internal/mutant/dna.go:66.72,67.29 1 1
github.com/llulioscesar/mercadolibre-x-men/internal/mutant/dna.go:70.2,70.8 1 1
github.com/llulioscesar/mercadolibre-x-men/internal/mutant/dna.go:67.29,69.3 1 1
github.com/llulioscesar/mercadolibre-x-men/internal/mutant/http.go:29.72,32.16 2 0
github.com/llulioscesar/mercadolibre-x-men/internal/mutant/http.go:36.2,43.31 3 0
github.com/llulioscesar/mercadolibre-x-men/internal/mutant/http.go:32.16,33.13 1 0
github.com/llulioscesar/mercadolibre-x-men/internal/mutant/http.go:46.47,49.16 3 1
github.com/llulioscesar/mercadolibre-x-men/internal/mutant/http.go:53.2,54.16 2 1
github.com/llulioscesar/mercadolibre-x-men/internal/mutant/http.go:57.2,57.23 1 1
github.com/llulioscesar/mercadolibre-x-men/internal/mutant/http.go:49.16,51.3 1 0
github.com/llulioscesar/mercadolibre-x-men/internal/mutant/http.go:54.16,56.3 1 0
github.com/llulioscesar/mercadolibre-x-men/internal/mutant/http.go:60.50,63.42 2 1
github.com/llulioscesar/mercadolibre-x-men/internal/mutant/http.go:67.2,71.16 4 1
github.com/llulioscesar/mercadolibre-x-men/internal/mutant/http.go:75.2,76.16 2 1
github.com/llulioscesar/mercadolibre-x-men/internal/mutant/http.go:80.2,80.15 1 1
github.com/llulioscesar/mercadolibre-x-men/internal/mutant/http.go:84.2,84.47 1 1
github.com/llulioscesar/mercadolibre-x-men/internal/mutant/http.go:63.42,65.3 1 0
github.com/llulioscesar/mercadolibre-x-men/internal/mutant/http.go:71.16,73.3 1 0
github.com/llulioscesar/mercadolibre-x-men/internal/mutant/http.go:76.17,78.3 0 0
github.com/llulioscesar/mercadolibre-x-men/internal/mutant/http.go:80.15,82.3 1 1
github.com/llulioscesar/mercadolibre-x-men/internal/mutant/person.go:11.39,13.16 2 1
github.com/llulioscesar/mercadolibre-x-men/internal/mutant/person.go:16.2,16.34 1 1
github.com/llulioscesar/mercadolibre-x-men/internal/mutant/person.go:13.16,15.3 1 1
github.com/llulioscesar/mercadolibre-x-men/internal/mutant/person.go:19.47,23.50 3 1
github.com/llulioscesar/mercadolibre-x-men/internal/mutant/person.go:30.2,31.33 2 1
github.com/llulioscesar/mercadolibre-x-men/internal/mutant/person.go:38.2,39.32 2 1
github.com/llulioscesar/mercadolibre-x-men/internal/mutant/person.go:45.2,45.24 1 1
github.com/llulioscesar/mercadolibre-x-men/internal/mutant/person.go:23.50,25.20 2 1
github.com/llulioscesar/mercadolibre-x-men/internal/mutant/person.go:25.20,27.4 1 1
github.com/llulioscesar/mercadolibre-x-men/internal/mutant/person.go:31.33,33.20 2 1
github.com/llulioscesar/mercadolibre-x-men/internal/mutant/person.go:33.20,35.4 1 0
github.com/llulioscesar/mercadolibre-x-men/internal/mutant/person.go:39.32,41.20 2 1
github.com/llulioscesar/mercadolibre-x-men/internal/mutant/person.go:41.20,43.4 1 1
github.com/llulioscesar/mercadolibre-x-men/internal/mutant/postgres.go:25.45,27.16 2 0
github.com/llulioscesar/mercadolibre-x-men/internal/mutant/postgres.go:31.2,33.3 1 0
github.com/llulioscesar/mercadolibre-x-men/internal/mutant/postgres.go:27.16,30.3 2 0
github.com/llulioscesar/mercadolibre-x-men/internal/mutant/postgres.go:36.55,67.2 4 1
github.com/llulioscesar/mercadolibre-x-men/internal/mutant/postgres.go:69.84,71.16 2 1
github.com/llulioscesar/mercadolibre-x-men/internal/mutant/postgres.go:74.2,75.12 2 1
github.com/llulioscesar/mercadolibre-x-men/internal/mutant/postgres.go:71.16,73.3 1 0
github.com/llulioscesar/mercadolibre-x-men/internal/mutant/postgres.go:78.77,81.2 2 1
